<?xml version="1.0" encoding="UTF-8" ?>
<testsuite tests="18" failures="0" name="org.hometest.ubs.ubs_hometest.AppTest" time="0.01" errors="0" skipped="0">
  <properties>
[...]
</properties>
  <testcase classname="org.hometest.ubs.ubs_hometest.AppTest" name="test1" time="0.004"/>
  <testcase classname="org.hometest.ubs.ubs_hometest.AppTest" name="test4" time="0"/>
  <testcase classname="org.hometest.ubs.ubs_hometest.AppTest" name="test3" time="0"/>
  <testcase classname="org.hometest.ubs.ubs_hometest.AppTest" name="test2" time="0"/>
  <testcase classname="org.hometest.ubs.ubs_hometest.AppTest" name="test5" time="0"/>
  <testcase classname="org.hometest.ubs.ubs_hometest.AppTest" name="test6" time="0"/>
  <testcase classname="org.hometest.ubs.ubs_hometest.AppTest" name="test13" time="0.001"/>
  <testcase classname="org.hometest.ubs.ubs_hometest.AppTest" name="test7" time="0.001"/>
  <testcase classname="org.hometest.ubs.ubs_hometest.AppTest" name="test15" time="0"/>
  <testcase classname="org.hometest.ubs.ubs_hometest.AppTest" name="test9" time="0"/>
  <testcase classname="org.hometest.ubs.ubs_hometest.AppTest" name="test8" time="0.001"/>
  <testcase classname="org.hometest.ubs.ubs_hometest.AppTest" name="test12" time="0.001"/>
  <testcase classname="org.hometest.ubs.ubs_hometest.AppTest" name="test14" time="0"/>
  <testcase classname="org.hometest.ubs.ubs_hometest.AppTest" name="test16" time="0"/>
  <testcase classname="org.hometest.ubs.ubs_hometest.AppTest" name="test17" time="0"/>
  <testcase classname="org.hometest.ubs.ubs_hometest.AppTest" name="test11" time="0.001"/>
  <testcase classname="org.hometest.ubs.ubs_hometest.AppTest" name="test18" time="0.001"/>
  <testcase classname="org.hometest.ubs.ubs_hometest.AppTest" name="test10" time="0"/>
</testsuite>